/u/s/i/sinclair/courses/cs552/spring2022/handouts/testprograms/public/rand_simple/t_1_add.asm SUCCESS CPI:3.0 CYCLES:97 ICOUNT:32 IHITRATE: 0 DHITRATE: 0
/u/s/i/sinclair/courses/cs552/spring2022/handouts/testprograms/public/rand_simple/t_1_addi.asm SUCCESS CPI:2.6 CYCLES:82 ICOUNT:32 IHITRATE: 0 DHITRATE: 0
/u/s/i/sinclair/courses/cs552/spring2022/handouts/testprograms/public/rand_simple/t_1_andn.asm SUCCESS CPI:3.3 CYCLES:106 ICOUNT:32 IHITRATE: 0 DHITRATE: 0
/u/s/i/sinclair/courses/cs552/spring2022/handouts/testprograms/public/rand_simple/t_1_andni.asm SUCCESS CPI:2.7 CYCLES:86 ICOUNT:32 IHITRATE: 0 DHITRATE: 0
/u/s/i/sinclair/courses/cs552/spring2022/handouts/testprograms/public/rand_simple/t_1_beqz.asm SUCCESS CPI:19.2 CYCLES:365 ICOUNT:19 IHITRATE: 0 DHITRATE: 0
/u/s/i/sinclair/courses/cs552/spring2022/handouts/testprograms/public/rand_simple/t_1_bgez.asm SUCCESS CPI:16.0 CYCLES:305 ICOUNT:19 IHITRATE: 0 DHITRATE: 0
/u/s/i/sinclair/courses/cs552/spring2022/handouts/testprograms/public/rand_simple/t_1_bltz.asm SUCCESS CPI:18.2 CYCLES:346 ICOUNT:19 IHITRATE: 0 DHITRATE: 0
/u/s/i/sinclair/courses/cs552/spring2022/handouts/testprograms/public/rand_simple/t_1_bnez.asm SUCCESS CPI:18.8 CYCLES:357 ICOUNT:19 IHITRATE: 0 DHITRATE: 0
/u/s/i/sinclair/courses/cs552/spring2022/handouts/testprograms/public/rand_simple/t_1_btr.asm SUCCESS CPI:3.0 CYCLES:96 ICOUNT:32 IHITRATE: 0 DHITRATE: 0
/u/s/i/sinclair/courses/cs552/spring2022/handouts/testprograms/public/rand_simple/t_1_j.asm SUCCESS CPI:157.4 CYCLES:159 ICOUNT:1 IHITRATE: 0 DHITRATE: 0
/u/s/i/sinclair/courses/cs552/spring2022/handouts/testprograms/public/rand_simple/t_1_jal.asm SUCCESS CPI:9.2 CYCLES:156 ICOUNT:17 IHITRATE: 0 DHITRATE: 0
/u/s/i/sinclair/courses/cs552/spring2022/handouts/testprograms/public/rand_simple/t_1_jalr.asm SUCCESS CPI:5.0 CYCLES:328 ICOUNT:65 IHITRATE: 0 DHITRATE: 0
/u/s/i/sinclair/courses/cs552/spring2022/handouts/testprograms/public/rand_simple/t_1_jr.asm SUCCESS CPI:5.3 CYCLES:345 ICOUNT:65 IHITRATE: 0 DHITRATE: 0
/u/s/i/sinclair/courses/cs552/spring2022/handouts/testprograms/public/rand_simple/t_1_lbi.asm SUCCESS CPI:2.6 CYCLES:84 ICOUNT:32 IHITRATE: 0 DHITRATE: 0
/u/s/i/sinclair/courses/cs552/spring2022/handouts/testprograms/public/rand_simple/t_1_ld.asm SUCCESS CPI:3.4 CYCLES:163 ICOUNT:48 IHITRATE: 0 DHITRATE: 0
/u/s/i/sinclair/courses/cs552/spring2022/handouts/testprograms/public/rand_simple/t_1_rol.asm SUCCESS CPI:3.2 CYCLES:101 ICOUNT:32 IHITRATE: 0 DHITRATE: 0
/u/s/i/sinclair/courses/cs552/spring2022/handouts/testprograms/public/rand_simple/t_1_roli.asm SUCCESS CPI:2.9 CYCLES:92 ICOUNT:32 IHITRATE: 0 DHITRATE: 0
/u/s/i/sinclair/courses/cs552/spring2022/handouts/testprograms/public/rand_simple/t_1_ror.asm SUCCESS CPI:3.0 CYCLES:97 ICOUNT:32 IHITRATE: 0 DHITRATE: 0
/u/s/i/sinclair/courses/cs552/spring2022/handouts/testprograms/public/rand_simple/t_1_rori.asm SUCCESS CPI:2.7 CYCLES:86 ICOUNT:32 IHITRATE: 0 DHITRATE: 0
/u/s/i/sinclair/courses/cs552/spring2022/handouts/testprograms/public/rand_simple/t_1_sco.asm SUCCESS CPI:2.7 CYCLES:87 ICOUNT:32 IHITRATE: 0 DHITRATE: 0
/u/s/i/sinclair/courses/cs552/spring2022/handouts/testprograms/public/rand_simple/t_1_seq.asm SUCCESS CPI:2.6 CYCLES:84 ICOUNT:32 IHITRATE: 0 DHITRATE: 0
/u/s/i/sinclair/courses/cs552/spring2022/handouts/testprograms/public/rand_simple/t_1_slbi.asm SUCCESS CPI:2.6 CYCLES:82 ICOUNT:32 IHITRATE: 0 DHITRATE: 0
/u/s/i/sinclair/courses/cs552/spring2022/handouts/testprograms/public/rand_simple/t_1_sle.asm SUCCESS CPI:2.8 CYCLES:89 ICOUNT:32 IHITRATE: 0 DHITRATE: 0
/u/s/i/sinclair/courses/cs552/spring2022/handouts/testprograms/public/rand_simple/t_1_sll.asm SUCCESS CPI:2.9 CYCLES:92 ICOUNT:32 IHITRATE: 0 DHITRATE: 0
/u/s/i/sinclair/courses/cs552/spring2022/handouts/testprograms/public/rand_simple/t_1_slli.asm SUCCESS CPI:2.7 CYCLES:88 ICOUNT:32 IHITRATE: 0 DHITRATE: 0
/u/s/i/sinclair/courses/cs552/spring2022/handouts/testprograms/public/rand_simple/t_1_slt.asm SUCCESS CPI:3.2 CYCLES:102 ICOUNT:32 IHITRATE: 0 DHITRATE: 0
/u/s/i/sinclair/courses/cs552/spring2022/handouts/testprograms/public/rand_simple/t_1_srl.asm SUCCESS CPI:2.8 CYCLES:91 ICOUNT:32 IHITRATE: 0 DHITRATE: 0
/u/s/i/sinclair/courses/cs552/spring2022/handouts/testprograms/public/rand_simple/t_1_srli.asm SUCCESS CPI:2.5 CYCLES:80 ICOUNT:32 IHITRATE: 0 DHITRATE: 0
/u/s/i/sinclair/courses/cs552/spring2022/handouts/testprograms/public/rand_simple/t_1_st.asm SUCCESS CPI:3.1 CYCLES:151 ICOUNT:49 IHITRATE: 0 DHITRATE: 0
/u/s/i/sinclair/courses/cs552/spring2022/handouts/testprograms/public/rand_simple/t_1_stu.asm SUCCESS CPI:2.6 CYCLES:167 ICOUNT:64 IHITRATE: 0 DHITRATE: 0
/u/s/i/sinclair/courses/cs552/spring2022/handouts/testprograms/public/rand_simple/t_1_sub.asm SUCCESS CPI:2.8 CYCLES:90 ICOUNT:32 IHITRATE: 0 DHITRATE: 0
/u/s/i/sinclair/courses/cs552/spring2022/handouts/testprograms/public/rand_simple/t_1_subi.asm SUCCESS CPI:2.8 CYCLES:90 ICOUNT:32 IHITRATE: 0 DHITRATE: 0
/u/s/i/sinclair/courses/cs552/spring2022/handouts/testprograms/public/rand_simple/t_1_xor.asm SUCCESS CPI:2.9 CYCLES:92 ICOUNT:32 IHITRATE: 0 DHITRATE: 0
/u/s/i/sinclair/courses/cs552/spring2022/handouts/testprograms/public/rand_simple/t_1_xori.asm SUCCESS CPI:2.8 CYCLES:89 ICOUNT:32 IHITRATE: 0 DHITRATE: 0
/u/s/i/sinclair/courses/cs552/spring2022/handouts/testprograms/public/rand_simple/t_2_add.asm SUCCESS CPI:2.8 CYCLES:91 ICOUNT:32 IHITRATE: 0 DHITRATE: 0
/u/s/i/sinclair/courses/cs552/spring2022/handouts/testprograms/public/rand_simple/t_2_addi.asm SUCCESS CPI:2.8 CYCLES:89 ICOUNT:32 IHITRATE: 0 DHITRATE: 0
/u/s/i/sinclair/courses/cs552/spring2022/handouts/testprograms/public/rand_simple/t_2_andn.asm SUCCESS CPI:2.8 CYCLES:90 ICOUNT:32 IHITRATE: 0 DHITRATE: 0
/u/s/i/sinclair/courses/cs552/spring2022/handouts/testprograms/public/rand_simple/t_2_andni.asm SUCCESS CPI:2.7 CYCLES:88 ICOUNT:32 IHITRATE: 0 DHITRATE: 0
/u/s/i/sinclair/courses/cs552/spring2022/handouts/testprograms/public/rand_simple/t_2_beqz.asm SUCCESS CPI:17.7 CYCLES:337 ICOUNT:19 IHITRATE: 0 DHITRATE: 0
/u/s/i/sinclair/courses/cs552/spring2022/handouts/testprograms/public/rand_simple/t_2_bgez.asm SUCCESS CPI:18.1 CYCLES:345 ICOUNT:19 IHITRATE: 0 DHITRATE: 0
/u/s/i/sinclair/courses/cs552/spring2022/handouts/testprograms/public/rand_simple/t_2_bltz.asm SUCCESS CPI:19.4 CYCLES:369 ICOUNT:19 IHITRATE: 0 DHITRATE: 0
/u/s/i/sinclair/courses/cs552/spring2022/handouts/testprograms/public/rand_simple/t_2_bnez.asm SUCCESS CPI:20.8 CYCLES:395 ICOUNT:19 IHITRATE: 0 DHITRATE: 0
/u/s/i/sinclair/courses/cs552/spring2022/handouts/testprograms/public/rand_simple/t_2_btr.asm SUCCESS CPI:3.0 CYCLES:96 ICOUNT:32 IHITRATE: 0 DHITRATE: 0
/u/s/i/sinclair/courses/cs552/spring2022/handouts/testprograms/public/rand_simple/t_2_j.asm SUCCESS CPI:146.5 CYCLES:148 ICOUNT:1 IHITRATE: 0 DHITRATE: 0
/u/s/i/sinclair/courses/cs552/spring2022/handouts/testprograms/public/rand_simple/t_2_jal.asm SUCCESS CPI:9.1 CYCLES:154 ICOUNT:17 IHITRATE: 0 DHITRATE: 0
/u/s/i/sinclair/courses/cs552/spring2022/handouts/testprograms/public/rand_simple/t_2_jalr.asm SUCCESS CPI:5.4 CYCLES:351 ICOUNT:65 IHITRATE: 0 DHITRATE: 0
/u/s/i/sinclair/courses/cs552/spring2022/handouts/testprograms/public/rand_simple/t_2_jr.asm SUCCESS CPI:5.4 CYCLES:353 ICOUNT:65 IHITRATE: 0 DHITRATE: 0
/u/s/i/sinclair/courses/cs552/spring2022/handouts/testprograms/public/rand_simple/t_2_lbi.asm SUCCESS CPI:2.6 CYCLES:83 ICOUNT:32 IHITRATE: 0 DHITRATE: 0
/u/s/i/sinclair/courses/cs552/spring2022/handouts/testprograms/public/rand_simple/t_2_ld.asm SUCCESS CPI:3.1 CYCLES:151 ICOUNT:48 IHITRATE: 0 DHITRATE: 0
/u/s/i/sinclair/courses/cs552/spring2022/handouts/testprograms/public/rand_simple/t_2_rol.asm SUCCESS CPI:2.7 CYCLES:85 ICOUNT:32 IHITRATE: 0 DHITRATE: 0
/u/s/i/sinclair/courses/cs552/spring2022/handouts/testprograms/public/rand_simple/t_2_roli.asm SUCCESS CPI:2.4 CYCLES:77 ICOUNT:32 IHITRATE: 0 DHITRATE: 0
/u/s/i/sinclair/courses/cs552/spring2022/handouts/testprograms/public/rand_simple/t_2_ror.asm SUCCESS CPI:2.8 CYCLES:89 ICOUNT:32 IHITRATE: 0 DHITRATE: 0
/u/s/i/sinclair/courses/cs552/spring2022/handouts/testprograms/public/rand_simple/t_2_rori.asm SUCCESS CPI:2.7 CYCLES:87 ICOUNT:32 IHITRATE: 0 DHITRATE: 0
/u/s/i/sinclair/courses/cs552/spring2022/handouts/testprograms/public/rand_simple/t_2_sco.asm SUCCESS CPI:2.8 CYCLES:89 ICOUNT:32 IHITRATE: 0 DHITRATE: 0
/u/s/i/sinclair/courses/cs552/spring2022/handouts/testprograms/public/rand_simple/t_2_seq.asm SUCCESS CPI:3.0 CYCLES:97 ICOUNT:32 IHITRATE: 0 DHITRATE: 0
/u/s/i/sinclair/courses/cs552/spring2022/handouts/testprograms/public/rand_simple/t_2_slbi.asm SUCCESS CPI:2.9 CYCLES:93 ICOUNT:32 IHITRATE: 0 DHITRATE: 0
/u/s/i/sinclair/courses/cs552/spring2022/handouts/testprograms/public/rand_simple/t_2_sle.asm SUCCESS CPI:2.9 CYCLES:93 ICOUNT:32 IHITRATE: 0 DHITRATE: 0
/u/s/i/sinclair/courses/cs552/spring2022/handouts/testprograms/public/rand_simple/t_2_sll.asm SUCCESS CPI:2.9 CYCLES:93 ICOUNT:32 IHITRATE: 0 DHITRATE: 0
/u/s/i/sinclair/courses/cs552/spring2022/handouts/testprograms/public/rand_simple/t_2_slli.asm SUCCESS CPI:2.8 CYCLES:89 ICOUNT:32 IHITRATE: 0 DHITRATE: 0
/u/s/i/sinclair/courses/cs552/spring2022/handouts/testprograms/public/rand_simple/t_2_slt.asm SUCCESS CPI:2.8 CYCLES:90 ICOUNT:32 IHITRATE: 0 DHITRATE: 0
/u/s/i/sinclair/courses/cs552/spring2022/handouts/testprograms/public/rand_simple/t_2_srl.asm SUCCESS CPI:2.8 CYCLES:89 ICOUNT:32 IHITRATE: 0 DHITRATE: 0
/u/s/i/sinclair/courses/cs552/spring2022/handouts/testprograms/public/rand_simple/t_2_srli.asm SUCCESS CPI:2.8 CYCLES:89 ICOUNT:32 IHITRATE: 0 DHITRATE: 0
/u/s/i/sinclair/courses/cs552/spring2022/handouts/testprograms/public/rand_simple/t_2_st.asm SUCCESS CPI:3.1 CYCLES:151 ICOUNT:49 IHITRATE: 0 DHITRATE: 0
/u/s/i/sinclair/courses/cs552/spring2022/handouts/testprograms/public/rand_simple/t_2_stu.asm SUCCESS CPI:2.5 CYCLES:159 ICOUNT:64 IHITRATE: 0 DHITRATE: 0
/u/s/i/sinclair/courses/cs552/spring2022/handouts/testprograms/public/rand_simple/t_2_sub.asm SUCCESS CPI:2.8 CYCLES:89 ICOUNT:32 IHITRATE: 0 DHITRATE: 0
/u/s/i/sinclair/courses/cs552/spring2022/handouts/testprograms/public/rand_simple/t_2_subi.asm SUCCESS CPI:3.1 CYCLES:99 ICOUNT:32 IHITRATE: 0 DHITRATE: 0
/u/s/i/sinclair/courses/cs552/spring2022/handouts/testprograms/public/rand_simple/t_2_xor.asm SUCCESS CPI:2.7 CYCLES:88 ICOUNT:32 IHITRATE: 0 DHITRATE: 0
/u/s/i/sinclair/courses/cs552/spring2022/handouts/testprograms/public/rand_simple/t_2_xori.asm SUCCESS CPI:2.9 CYCLES:94 ICOUNT:32 IHITRATE: 0 DHITRATE: 0
/u/s/i/sinclair/courses/cs552/spring2022/handouts/testprograms/public/rand_simple/t_3_add.asm SUCCESS CPI:3.2 CYCLES:101 ICOUNT:32 IHITRATE: 0 DHITRATE: 0
/u/s/i/sinclair/courses/cs552/spring2022/handouts/testprograms/public/rand_simple/t_3_addi.asm SUCCESS CPI:2.6 CYCLES:84 ICOUNT:32 IHITRATE: 0 DHITRATE: 0
/u/s/i/sinclair/courses/cs552/spring2022/handouts/testprograms/public/rand_simple/t_3_andn.asm SUCCESS CPI:3.2 CYCLES:102 ICOUNT:32 IHITRATE: 0 DHITRATE: 0
/u/s/i/sinclair/courses/cs552/spring2022/handouts/testprograms/public/rand_simple/t_3_andni.asm SUCCESS CPI:2.6 CYCLES:84 ICOUNT:32 IHITRATE: 0 DHITRATE: 0
/u/s/i/sinclair/courses/cs552/spring2022/handouts/testprograms/public/rand_simple/t_3_beqz.asm SUCCESS CPI:19.4 CYCLES:369 ICOUNT:19 IHITRATE: 0 DHITRATE: 0
/u/s/i/sinclair/courses/cs552/spring2022/handouts/testprograms/public/rand_simple/t_3_bgez.asm SUCCESS CPI:17.2 CYCLES:327 ICOUNT:19 IHITRATE: 0 DHITRATE: 0
/u/s/i/sinclair/courses/cs552/spring2022/handouts/testprograms/public/rand_simple/t_3_bltz.asm SUCCESS CPI:12.3 CYCLES:233 ICOUNT:19 IHITRATE: 0 DHITRATE: 0
/u/s/i/sinclair/courses/cs552/spring2022/handouts/testprograms/public/rand_simple/t_3_bnez.asm SUCCESS CPI:16.9 CYCLES:321 ICOUNT:19 IHITRATE: 0 DHITRATE: 0
/u/s/i/sinclair/courses/cs552/spring2022/handouts/testprograms/public/rand_simple/t_3_btr.asm SUCCESS CPI:3.0 CYCLES:95 ICOUNT:32 IHITRATE: 0 DHITRATE: 0
/u/s/i/sinclair/courses/cs552/spring2022/handouts/testprograms/public/rand_simple/t_3_j.asm SUCCESS CPI:151.5 CYCLES:153 ICOUNT:1 IHITRATE: 0 DHITRATE: 0
/u/s/i/sinclair/courses/cs552/spring2022/handouts/testprograms/public/rand_simple/t_3_jal.asm SUCCESS CPI:7.0 CYCLES:119 ICOUNT:17 IHITRATE: 0 DHITRATE: 0
/u/s/i/sinclair/courses/cs552/spring2022/handouts/testprograms/public/rand_simple/t_3_jalr.asm SUCCESS CPI:5.1 CYCLES:333 ICOUNT:65 IHITRATE: 0 DHITRATE: 0
/u/s/i/sinclair/courses/cs552/spring2022/handouts/testprograms/public/rand_simple/t_3_jr.asm SUCCESS CPI:5.2 CYCLES:339 ICOUNT:65 IHITRATE: 0 DHITRATE: 0
/u/s/i/sinclair/courses/cs552/spring2022/handouts/testprograms/public/rand_simple/t_3_lbi.asm SUCCESS CPI:2.6 CYCLES:82 ICOUNT:32 IHITRATE: 0 DHITRATE: 0
/u/s/i/sinclair/courses/cs552/spring2022/handouts/testprograms/public/rand_simple/t_3_ld.asm SUCCESS CPI:3.3 CYCLES:159 ICOUNT:48 IHITRATE: 0 DHITRATE: 0
/u/s/i/sinclair/courses/cs552/spring2022/handouts/testprograms/public/rand_simple/t_3_rol.asm SUCCESS CPI:3.0 CYCLES:97 ICOUNT:32 IHITRATE: 0 DHITRATE: 0
/u/s/i/sinclair/courses/cs552/spring2022/handouts/testprograms/public/rand_simple/t_3_roli.asm SUCCESS CPI:2.5 CYCLES:80 ICOUNT:32 IHITRATE: 0 DHITRATE: 0
/u/s/i/sinclair/courses/cs552/spring2022/handouts/testprograms/public/rand_simple/t_3_ror.asm SUCCESS CPI:2.8 CYCLES:91 ICOUNT:32 IHITRATE: 0 DHITRATE: 0
/u/s/i/sinclair/courses/cs552/spring2022/handouts/testprograms/public/rand_simple/t_3_rori.asm SUCCESS CPI:2.5 CYCLES:79 ICOUNT:32 IHITRATE: 0 DHITRATE: 0
/u/s/i/sinclair/courses/cs552/spring2022/handouts/testprograms/public/rand_simple/t_3_sco.asm SUCCESS CPI:3.0 CYCLES:95 ICOUNT:32 IHITRATE: 0 DHITRATE: 0
/u/s/i/sinclair/courses/cs552/spring2022/handouts/testprograms/public/rand_simple/t_3_seq.asm SUCCESS CPI:3.0 CYCLES:95 ICOUNT:32 IHITRATE: 0 DHITRATE: 0
/u/s/i/sinclair/courses/cs552/spring2022/handouts/testprograms/public/rand_simple/t_3_slbi.asm SUCCESS CPI:2.5 CYCLES:80 ICOUNT:32 IHITRATE: 0 DHITRATE: 0
/u/s/i/sinclair/courses/cs552/spring2022/handouts/testprograms/public/rand_simple/t_3_sle.asm SUCCESS CPI:3.1 CYCLES:99 ICOUNT:32 IHITRATE: 0 DHITRATE: 0
/u/s/i/sinclair/courses/cs552/spring2022/handouts/testprograms/public/rand_simple/t_3_sll.asm SUCCESS CPI:3.0 CYCLES:95 ICOUNT:32 IHITRATE: 0 DHITRATE: 0
/u/s/i/sinclair/courses/cs552/spring2022/handouts/testprograms/public/rand_simple/t_3_slli.asm SUCCESS CPI:2.6 CYCLES:83 ICOUNT:32 IHITRATE: 0 DHITRATE: 0
/u/s/i/sinclair/courses/cs552/spring2022/handouts/testprograms/public/rand_simple/t_3_slt.asm SUCCESS CPI:2.9 CYCLES:92 ICOUNT:32 IHITRATE: 0 DHITRATE: 0
/u/s/i/sinclair/courses/cs552/spring2022/handouts/testprograms/public/rand_simple/t_3_srl.asm SUCCESS CPI:2.8 CYCLES:90 ICOUNT:32 IHITRATE: 0 DHITRATE: 0
/u/s/i/sinclair/courses/cs552/spring2022/handouts/testprograms/public/rand_simple/t_3_srli.asm SUCCESS CPI:2.6 CYCLES:83 ICOUNT:32 IHITRATE: 0 DHITRATE: 0
/u/s/i/sinclair/courses/cs552/spring2022/handouts/testprograms/public/rand_simple/t_3_st.asm SUCCESS CPI:3.1 CYCLES:151 ICOUNT:49 IHITRATE: 0 DHITRATE: 0
/u/s/i/sinclair/courses/cs552/spring2022/handouts/testprograms/public/rand_simple/t_3_stu.asm SUCCESS CPI:2.4 CYCLES:155 ICOUNT:64 IHITRATE: 0 DHITRATE: 0
/u/s/i/sinclair/courses/cs552/spring2022/handouts/testprograms/public/rand_simple/t_3_sub.asm SUCCESS CPI:2.8 CYCLES:90 ICOUNT:32 IHITRATE: 0 DHITRATE: 0
/u/s/i/sinclair/courses/cs552/spring2022/handouts/testprograms/public/rand_simple/t_3_subi.asm SUCCESS CPI:2.7 CYCLES:85 ICOUNT:32 IHITRATE: 0 DHITRATE: 0
/u/s/i/sinclair/courses/cs552/spring2022/handouts/testprograms/public/rand_simple/t_3_xor.asm SUCCESS CPI:3.0 CYCLES:95 ICOUNT:32 IHITRATE: 0 DHITRATE: 0
/u/s/i/sinclair/courses/cs552/spring2022/handouts/testprograms/public/rand_simple/t_3_xori.asm SUCCESS CPI:2.5 CYCLES:80 ICOUNT:32 IHITRATE: 0 DHITRATE: 0
/u/s/i/sinclair/courses/cs552/spring2022/handouts/testprograms/public/rand_simple/t_4_add.asm SUCCESS CPI:3.1 CYCLES:98 ICOUNT:32 IHITRATE: 0 DHITRATE: 0
/u/s/i/sinclair/courses/cs552/spring2022/handouts/testprograms/public/rand_simple/t_4_addi.asm SUCCESS CPI:2.6 CYCLES:84 ICOUNT:32 IHITRATE: 0 DHITRATE: 0
/u/s/i/sinclair/courses/cs552/spring2022/handouts/testprograms/public/rand_simple/t_4_andn.asm SUCCESS CPI:2.9 CYCLES:94 ICOUNT:32 IHITRATE: 0 DHITRATE: 0
/u/s/i/sinclair/courses/cs552/spring2022/handouts/testprograms/public/rand_simple/t_4_andni.asm SUCCESS CPI:2.6 CYCLES:84 ICOUNT:32 IHITRATE: 0 DHITRATE: 0
/u/s/i/sinclair/courses/cs552/spring2022/handouts/testprograms/public/rand_simple/t_4_beqz.asm SUCCESS CPI:17.7 CYCLES:337 ICOUNT:19 IHITRATE: 0 DHITRATE: 0
/u/s/i/sinclair/courses/cs552/spring2022/handouts/testprograms/public/rand_simple/t_4_bgez.asm SUCCESS CPI:17.3 CYCLES:329 ICOUNT:19 IHITRATE: 0 DHITRATE: 0
/u/s/i/sinclair/courses/cs552/spring2022/handouts/testprograms/public/rand_simple/t_4_bltz.asm SUCCESS CPI:17.3 CYCLES:329 ICOUNT:19 IHITRATE: 0 DHITRATE: 0
/u/s/i/sinclair/courses/cs552/spring2022/handouts/testprograms/public/rand_simple/t_4_bnez.asm SUCCESS CPI:18.3 CYCLES:348 ICOUNT:19 IHITRATE: 0 DHITRATE: 0
/u/s/i/sinclair/courses/cs552/spring2022/handouts/testprograms/public/rand_simple/t_4_btr.asm SUCCESS CPI:3.0 CYCLES:97 ICOUNT:32 IHITRATE: 0 DHITRATE: 0
/u/s/i/sinclair/courses/cs552/spring2022/handouts/testprograms/public/rand_simple/t_4_j.asm SUCCESS CPI:143.6 CYCLES:145 ICOUNT:1 IHITRATE: 0 DHITRATE: 0
/u/s/i/sinclair/courses/cs552/spring2022/handouts/testprograms/public/rand_simple/t_4_jal.asm SUCCESS CPI:9.6 CYCLES:164 ICOUNT:17 IHITRATE: 0 DHITRATE: 0
/u/s/i/sinclair/courses/cs552/spring2022/handouts/testprograms/public/rand_simple/t_4_jalr.asm SUCCESS CPI:5.2 CYCLES:337 ICOUNT:65 IHITRATE: 0 DHITRATE: 0
/u/s/i/sinclair/courses/cs552/spring2022/handouts/testprograms/public/rand_simple/t_4_jr.asm SUCCESS CPI:4.9 CYCLES:321 ICOUNT:65 IHITRATE: 0 DHITRATE: 0
/u/s/i/sinclair/courses/cs552/spring2022/handouts/testprograms/public/rand_simple/t_4_lbi.asm SUCCESS CPI:2.8 CYCLES:90 ICOUNT:32 IHITRATE: 0 DHITRATE: 0
/u/s/i/sinclair/courses/cs552/spring2022/handouts/testprograms/public/rand_simple/t_4_ld.asm SUCCESS CPI:3.4 CYCLES:163 ICOUNT:48 IHITRATE: 0 DHITRATE: 0
/u/s/i/sinclair/courses/cs552/spring2022/handouts/testprograms/public/rand_simple/t_4_rol.asm SUCCESS CPI:3.1 CYCLES:100 ICOUNT:32 IHITRATE: 0 DHITRATE: 0
/u/s/i/sinclair/courses/cs552/spring2022/handouts/testprograms/public/rand_simple/t_4_roli.asm SUCCESS CPI:2.9 CYCLES:92 ICOUNT:32 IHITRATE: 0 DHITRATE: 0
/u/s/i/sinclair/courses/cs552/spring2022/handouts/testprograms/public/rand_simple/t_4_ror.asm SUCCESS CPI:2.8 CYCLES:91 ICOUNT:32 IHITRATE: 0 DHITRATE: 0
/u/s/i/sinclair/courses/cs552/spring2022/handouts/testprograms/public/rand_simple/t_4_rori.asm SUCCESS CPI:2.6 CYCLES:84 ICOUNT:32 IHITRATE: 0 DHITRATE: 0
/u/s/i/sinclair/courses/cs552/spring2022/handouts/testprograms/public/rand_simple/t_4_sco.asm SUCCESS CPI:2.8 CYCLES:91 ICOUNT:32 IHITRATE: 0 DHITRATE: 0
/u/s/i/sinclair/courses/cs552/spring2022/handouts/testprograms/public/rand_simple/t_4_seq.asm SUCCESS CPI:2.7 CYCLES:87 ICOUNT:32 IHITRATE: 0 DHITRATE: 0
/u/s/i/sinclair/courses/cs552/spring2022/handouts/testprograms/public/rand_simple/t_4_slbi.asm SUCCESS CPI:2.5 CYCLES:81 ICOUNT:32 IHITRATE: 0 DHITRATE: 0
/u/s/i/sinclair/courses/cs552/spring2022/handouts/testprograms/public/rand_simple/t_4_sle.asm SUCCESS CPI:2.7 CYCLES:87 ICOUNT:32 IHITRATE: 0 DHITRATE: 0
/u/s/i/sinclair/courses/cs552/spring2022/handouts/testprograms/public/rand_simple/t_4_sll.asm SUCCESS CPI:3.2 CYCLES:101 ICOUNT:32 IHITRATE: 0 DHITRATE: 0
/u/s/i/sinclair/courses/cs552/spring2022/handouts/testprograms/public/rand_simple/t_4_slli.asm SUCCESS CPI:2.6 CYCLES:82 ICOUNT:32 IHITRATE: 0 DHITRATE: 0
/u/s/i/sinclair/courses/cs552/spring2022/handouts/testprograms/public/rand_simple/t_4_slt.asm SUCCESS CPI:2.5 CYCLES:80 ICOUNT:32 IHITRATE: 0 DHITRATE: 0
/u/s/i/sinclair/courses/cs552/spring2022/handouts/testprograms/public/rand_simple/t_4_srl.asm SUCCESS CPI:2.8 CYCLES:91 ICOUNT:32 IHITRATE: 0 DHITRATE: 0
/u/s/i/sinclair/courses/cs552/spring2022/handouts/testprograms/public/rand_simple/t_4_srli.asm SUCCESS CPI:2.6 CYCLES:83 ICOUNT:32 IHITRATE: 0 DHITRATE: 0
/u/s/i/sinclair/courses/cs552/spring2022/handouts/testprograms/public/rand_simple/t_4_st.asm SUCCESS CPI:3.1 CYCLES:151 ICOUNT:49 IHITRATE: 0 DHITRATE: 0
/u/s/i/sinclair/courses/cs552/spring2022/handouts/testprograms/public/rand_simple/t_4_stu.asm SUCCESS CPI:2.5 CYCLES:163 ICOUNT:64 IHITRATE: 0 DHITRATE: 0
/u/s/i/sinclair/courses/cs552/spring2022/handouts/testprograms/public/rand_simple/t_4_sub.asm SUCCESS CPI:2.9 CYCLES:94 ICOUNT:32 IHITRATE: 0 DHITRATE: 0
/u/s/i/sinclair/courses/cs552/spring2022/handouts/testprograms/public/rand_simple/t_4_subi.asm SUCCESS CPI:2.6 CYCLES:83 ICOUNT:32 IHITRATE: 0 DHITRATE: 0
/u/s/i/sinclair/courses/cs552/spring2022/handouts/testprograms/public/rand_simple/t_4_xor.asm SUCCESS CPI:3.0 CYCLES:97 ICOUNT:32 IHITRATE: 0 DHITRATE: 0
/u/s/i/sinclair/courses/cs552/spring2022/handouts/testprograms/public/rand_simple/t_4_xori.asm SUCCESS CPI:2.8 CYCLES:89 ICOUNT:32 IHITRATE: 0 DHITRATE: 0
